17:59:24.379  INFO  manager.AppManager - Start in browser CHROME
17:59:25.396  INFO  tests.TestBase - Start method -->addContactTestBase
17:59:25.397  INFO  tests.TestBase - Test Start with Data -->[]
17:59:25.398  INFO  tests.TestBase - ==================================================================
17:59:25.401  INFO  manager.MyListener - Start find element by -->By.xpath: //button[text()='Sign Out']
17:59:35.484  INFO  manager.MyListener - The element -->By.xpath: //button[text()='Sign Out']was found
17:59:35.487  INFO  manager.MyListener - Start find element by -->By.xpath: //a[.='LOGIN']
17:59:35.534  INFO  manager.MyListener - The element -->By.xpath: //a[.='LOGIN']was found
17:59:35.717  INFO  manager.MyListener - Start find element by -->By.xpath: //input[1]
17:59:35.770  INFO  manager.MyListener - The element -->By.xpath: //input[1]was found
17:59:36.027  INFO  manager.MyListener - Start find element by -->By.xpath: //input[2]
17:59:36.071  INFO  manager.MyListener - The element -->By.xpath: //input[2]was found
17:59:36.368  INFO  manager.MyListener - Start find element by -->By.xpath: //button[1]
17:59:36.402  INFO  manager.MyListener - The element -->By.xpath: //button[1]was found
17:59:37.543  INFO  manager.MyListener - Start find element by -->By.xpath: //a[.='ADD']
17:59:37.653  INFO  manager.MyListener - The element -->By.xpath: //a[.='ADD']was found
17:59:37.765  INFO  manager.MyListener - Start find element by -->By.cssSelector: [placeholder='Name']
17:59:37.813  INFO  manager.MyListener - The element -->By.cssSelector: [placeholder='Name']was found
17:59:38.087  INFO  manager.MyListener - Start find element by -->By.cssSelector: [placeholder='Last Name']
17:59:38.125  INFO  manager.MyListener - The element -->By.cssSelector: [placeholder='Last Name']was found
17:59:38.379  INFO  manager.MyListener - Start find element by -->By.cssSelector: [placeholder='Phone']
17:59:38.418  INFO  manager.MyListener - The element -->By.cssSelector: [placeholder='Phone']was found
17:59:38.699  INFO  manager.MyListener - Start find element by -->By.cssSelector: [placeholder='email']
17:59:38.749  INFO  manager.MyListener - The element -->By.cssSelector: [placeholder='email']was found
17:59:39.035  INFO  manager.MyListener - Start find element by -->By.cssSelector: [placeholder='Address']
17:59:39.076  INFO  manager.MyListener - The element -->By.cssSelector: [placeholder='Address']was found
17:59:39.360  INFO  manager.MyListener - Start find element by -->By.cssSelector: [placeholder='description']
17:59:39.406  INFO  manager.MyListener - The element -->By.cssSelector: [placeholder='description']was found
17:59:39.695  INFO  manager.MyListener - Start find element by -->By.xpath: //button/b
17:59:39.739  INFO  manager.MyListener - The element -->By.xpath: //button/bwas found
17:59:39.844  INFO  manager.MyListener - Start find element by -->By.xpath: //h3
17:59:40.894  INFO  manager.MyListener - The element -->By.xpath: //h3was found
17:59:41.051  INFO  tests.TestBase - End of method -->addContactTestBase
17:59:41.054  INFO  tests.TestBase - Start method -->addContactTestBase
17:59:41.054  INFO  tests.TestBase - Test Start with Data -->[]
17:59:41.054  INFO  tests.TestBase - ==================================================================
17:59:41.055  INFO  manager.MyListener - Start find element by -->By.xpath: //button[text()='Sign Out']
17:59:41.076  INFO  manager.MyListener - The element -->By.xpath: //button[text()='Sign Out']was found
17:59:41.079  INFO  manager.MyListener - Start find element by -->By.xpath: //a[.='ADD']
17:59:41.103  INFO  manager.MyListener - The element -->By.xpath: //a[.='ADD']was found
17:59:41.167  INFO  manager.MyListener - Start find element by -->By.cssSelector: [placeholder='Name']
17:59:41.199  INFO  manager.MyListener - The element -->By.cssSelector: [placeholder='Name']was found
17:59:41.477  INFO  manager.MyListener - Start find element by -->By.cssSelector: [placeholder='Last Name']
17:59:41.500  INFO  manager.MyListener - The element -->By.cssSelector: [placeholder='Last Name']was found
17:59:41.772  INFO  manager.MyListener - Start find element by -->By.cssSelector: [placeholder='Phone']
17:59:41.802  INFO  manager.MyListener - The element -->By.cssSelector: [placeholder='Phone']was found
17:59:42.116  INFO  manager.MyListener - Start find element by -->By.cssSelector: [placeholder='email']
17:59:42.146  INFO  manager.MyListener - The element -->By.cssSelector: [placeholder='email']was found
17:59:42.448  INFO  manager.MyListener - Start find element by -->By.cssSelector: [placeholder='Address']
17:59:42.477  INFO  manager.MyListener - The element -->By.cssSelector: [placeholder='Address']was found
17:59:42.735  INFO  manager.MyListener - Start find element by -->By.cssSelector: [placeholder='description']
17:59:42.766  INFO  manager.MyListener - The element -->By.cssSelector: [placeholder='description']was found
17:59:43.039  INFO  manager.MyListener - Start find element by -->By.xpath: //button/b
17:59:43.062  INFO  manager.MyListener - The element -->By.xpath: //button/bwas found
17:59:43.163  INFO  manager.MyListener - Start find element by -->By.xpath: //h3
17:59:43.685  INFO  manager.MyListener - The element -->By.xpath: //h3was found
17:59:43.860  INFO  tests.TestBase - End of method -->addContactTestBase
17:59:43.862  INFO  tests.TestBase - Start method -->addContactTestBase
17:59:43.862  INFO  tests.TestBase - Test Start with Data -->[]
17:59:43.863  INFO  tests.TestBase - ==================================================================
17:59:43.864  INFO  manager.MyListener - Start find element by -->By.xpath: //button[text()='Sign Out']
17:59:43.895  INFO  manager.MyListener - The element -->By.xpath: //button[text()='Sign Out']was found
17:59:43.897  INFO  manager.MyListener - Start find element by -->By.xpath: //a[.='ADD']
17:59:43.928  INFO  manager.MyListener - The element -->By.xpath: //a[.='ADD']was found
17:59:43.998  INFO  manager.MyListener - Start find element by -->By.cssSelector: [placeholder='Name']
17:59:44.019  INFO  manager.MyListener - The element -->By.cssSelector: [placeholder='Name']was found
17:59:44.281  INFO  manager.MyListener - Start find element by -->By.cssSelector: [placeholder='Last Name']
17:59:44.307  INFO  manager.MyListener - The element -->By.cssSelector: [placeholder='Last Name']was found
17:59:44.588  INFO  manager.MyListener - Start find element by -->By.cssSelector: [placeholder='Phone']
17:59:44.605  INFO  manager.MyListener - The element -->By.cssSelector: [placeholder='Phone']was found
17:59:44.912  INFO  manager.MyListener - Start find element by -->By.cssSelector: [placeholder='email']
17:59:44.939  INFO  manager.MyListener - The element -->By.cssSelector: [placeholder='email']was found
17:59:45.272  INFO  manager.MyListener - Start find element by -->By.cssSelector: [placeholder='Address']
17:59:45.286  INFO  manager.MyListener - The element -->By.cssSelector: [placeholder='Address']was found
17:59:45.581  INFO  manager.MyListener - Start find element by -->By.cssSelector: [placeholder='description']
17:59:45.605  INFO  manager.MyListener - The element -->By.cssSelector: [placeholder='description']was found
17:59:45.860  INFO  manager.MyListener - Start find element by -->By.xpath: //button/b
17:59:45.887  INFO  manager.MyListener - The element -->By.xpath: //button/bwas found
17:59:46.000  INFO  manager.MyListener - Start find element by -->By.xpath: //h3
17:59:46.473  INFO  manager.MyListener - The element -->By.xpath: //h3was found
17:59:46.685  INFO  tests.TestBase - End of method -->addContactTestBase
