17:46:54.705  INFO  manager.AppManager - Start in browser CHROME
17:46:55.825  INFO  tests.TestBase - Start method -->addContactTestBase
17:46:55.825  INFO  tests.TestBase - Test Start with Data -->[]
17:46:55.825  INFO  tests.TestBase - ==================================================================
17:46:55.827  INFO  manager.MyListener - Start find element by -->By.xpath: //button[text()='Sign Out']
17:47:05.859  INFO  manager.MyListener - The element -->By.xpath: //button[text()='Sign Out']was found
17:47:05.860  INFO  manager.MyListener - Start find element by -->By.xpath: //a[.='LOGIN']
17:47:05.884  INFO  manager.MyListener - The element -->By.xpath: //a[.='LOGIN']was found
17:47:05.973  INFO  manager.MyListener - Start find element by -->By.xpath: //input[1]
17:47:05.993  INFO  manager.MyListener - The element -->By.xpath: //input[1]was found
17:47:06.278  INFO  manager.MyListener - Start find element by -->By.xpath: //input[2]
17:47:06.293  INFO  manager.MyListener - The element -->By.xpath: //input[2]was found
17:47:06.396  INFO  manager.MyListener - Start find element by -->By.xpath: //button[1]
17:47:06.416  INFO  manager.MyListener - The element -->By.xpath: //button[1]was found
17:47:07.459  INFO  manager.MyListener - Start find element by -->By.xpath: //a[.='ADD']
17:47:07.483  INFO  manager.MyListener - The element -->By.xpath: //a[.='ADD']was found
17:47:07.577  INFO  manager.MyListener - Start find element by -->By.cssSelector: [placeholder='Name']
17:47:07.599  INFO  manager.MyListener - The element -->By.cssSelector: [placeholder='Name']was found
17:47:07.794  INFO  manager.MyListener - Start find element by -->By.cssSelector: [placeholder='Last Name']
17:47:07.813  INFO  manager.MyListener - The element -->By.cssSelector: [placeholder='Last Name']was found
17:47:07.914  INFO  manager.MyListener - Start find element by -->By.cssSelector: [placeholder='Phone']
17:47:07.930  INFO  manager.MyListener - The element -->By.cssSelector: [placeholder='Phone']was found
17:47:08.066  INFO  manager.MyListener - Start find element by -->By.cssSelector: [placeholder='email']
17:47:08.101  INFO  manager.MyListener - The element -->By.cssSelector: [placeholder='email']was found
17:47:08.241  INFO  manager.MyListener - Start find element by -->By.cssSelector: [placeholder='Address']
17:47:08.259  INFO  manager.MyListener - The element -->By.cssSelector: [placeholder='Address']was found
17:47:08.429  INFO  manager.MyListener - Start find element by -->By.cssSelector: [placeholder='description']
17:47:08.455  INFO  manager.MyListener - The element -->By.cssSelector: [placeholder='description']was found
17:47:08.577  INFO  manager.MyListener - Start find element by -->By.xpath: //button/b
17:47:08.592  INFO  manager.MyListener - The element -->By.xpath: //button/bwas found
17:47:08.697  INFO  manager.MyListener - Start find element by -->By.xpath: //h3
17:47:08.950  INFO  manager.MyListener - The element -->By.xpath: //h3was found
17:47:08.984  INFO  tests.TestBase - End of method -->addContactTestBase
17:47:08.986  INFO  tests.TestBase - Start method -->addContactTestBase
17:47:08.987  INFO  tests.TestBase - Test Start with Data -->[]
17:47:08.987  INFO  tests.TestBase - ==================================================================
17:47:08.988  INFO  manager.MyListener - Start find element by -->By.xpath: //button[text()='Sign Out']
17:47:09.011  INFO  manager.MyListener - The element -->By.xpath: //button[text()='Sign Out']was found
17:47:09.012  INFO  manager.MyListener - Start find element by -->By.xpath: //a[.='ADD']
17:47:09.025  INFO  manager.MyListener - The element -->By.xpath: //a[.='ADD']was found
17:47:09.090  INFO  manager.MyListener - Start find element by -->By.cssSelector: [placeholder='Name']
17:47:09.103  INFO  manager.MyListener - The element -->By.cssSelector: [placeholder='Name']was found
17:47:09.291  INFO  manager.MyListener - Start find element by -->By.cssSelector: [placeholder='Last Name']
17:47:09.301  INFO  manager.MyListener - The element -->By.cssSelector: [placeholder='Last Name']was found
17:47:09.433  INFO  manager.MyListener - Start find element by -->By.cssSelector: [placeholder='Phone']
17:47:09.444  INFO  manager.MyListener - The element -->By.cssSelector: [placeholder='Phone']was found
17:47:09.595  INFO  manager.MyListener - Start find element by -->By.cssSelector: [placeholder='email']
17:47:09.619  INFO  manager.MyListener - The element -->By.cssSelector: [placeholder='email']was found
17:47:09.762  INFO  manager.MyListener - Start find element by -->By.cssSelector: [placeholder='Address']
17:47:09.774  INFO  manager.MyListener - The element -->By.cssSelector: [placeholder='Address']was found
17:47:09.881  INFO  manager.MyListener - Start find element by -->By.cssSelector: [placeholder='description']
17:47:09.900  INFO  manager.MyListener - The element -->By.cssSelector: [placeholder='description']was found
17:47:10.031  INFO  manager.MyListener - Start find element by -->By.xpath: //button/b
17:47:10.046  INFO  manager.MyListener - The element -->By.xpath: //button/bwas found
17:47:10.079  INFO  manager.MyListener - Start find element by -->By.xpath: //h3
17:47:10.299  INFO  manager.MyListener - The element -->By.xpath: //h3was found
17:47:10.333  INFO  tests.TestBase - End of method -->addContactTestBase
17:47:10.334  INFO  tests.TestBase - Start method -->addContactTestBase
17:47:10.335  INFO  tests.TestBase - Test Start with Data -->[]
17:47:10.335  INFO  tests.TestBase - ==================================================================
17:47:10.335  INFO  manager.MyListener - Start find element by -->By.xpath: //button[text()='Sign Out']
17:47:10.345  INFO  manager.MyListener - The element -->By.xpath: //button[text()='Sign Out']was found
17:47:10.345  INFO  manager.MyListener - Start find element by -->By.xpath: //a[.='ADD']
17:47:10.354  INFO  manager.MyListener - The element -->By.xpath: //a[.='ADD']was found
17:47:10.411  INFO  manager.MyListener - Start find element by -->By.cssSelector: [placeholder='Name']
17:47:10.428  INFO  manager.MyListener - The element -->By.cssSelector: [placeholder='Name']was found
17:47:10.600  INFO  manager.MyListener - Start find element by -->By.cssSelector: [placeholder='Last Name']
17:47:10.618  INFO  manager.MyListener - The element -->By.cssSelector: [placeholder='Last Name']was found
17:47:10.765  INFO  manager.MyListener - Start find element by -->By.cssSelector: [placeholder='Phone']
17:47:10.778  INFO  manager.MyListener - The element -->By.cssSelector: [placeholder='Phone']was found
17:47:10.958  INFO  manager.MyListener - Start find element by -->By.cssSelector: [placeholder='email']
17:47:10.974  INFO  manager.MyListener - The element -->By.cssSelector: [placeholder='email']was found
17:47:11.123  INFO  manager.MyListener - Start find element by -->By.cssSelector: [placeholder='Address']
17:47:11.138  INFO  manager.MyListener - The element -->By.cssSelector: [placeholder='Address']was found
17:47:11.281  INFO  manager.MyListener - Start find element by -->By.cssSelector: [placeholder='description']
17:47:11.292  INFO  manager.MyListener - The element -->By.cssSelector: [placeholder='description']was found
17:47:11.409  INFO  manager.MyListener - Start find element by -->By.xpath: //button/b
17:47:11.422  INFO  manager.MyListener - The element -->By.xpath: //button/bwas found
17:47:11.459  INFO  manager.MyListener - Start find element by -->By.xpath: //h3
17:47:11.682  INFO  manager.MyListener - The element -->By.xpath: //h3was found
17:47:11.726  INFO  tests.TestBase - End of method -->addContactTestBase
17:47:11.737  INFO  tests.TestBase - Start method -->addContactTestCSV
17:47:11.737  INFO  tests.TestBase - Test Start with Data -->[Contact(name=Mona, lastname=Dow, email=dow2@gmail.com, phone=9877776503, address=Haifa Herzel3, description=university friend)]
17:47:11.737  INFO  tests.TestBase - ==================================================================
17:47:11.737  INFO  manager.MyListener - Start find element by -->By.xpath: //button[text()='Sign Out']
17:47:11.750  INFO  manager.MyListener - The element -->By.xpath: //button[text()='Sign Out']was found
17:47:11.754  INFO  manager.MyListener - Start find element by -->By.xpath: //a[.='ADD']
17:47:11.768  INFO  manager.MyListener - The element -->By.xpath: //a[.='ADD']was found
17:47:11.821  INFO  manager.MyListener - Start find element by -->By.cssSelector: [placeholder='Name']
17:47:11.838  INFO  manager.MyListener - The element -->By.cssSelector: [placeholder='Name']was found
17:47:12.041  INFO  manager.MyListener - Start find element by -->By.cssSelector: [placeholder='Last Name']
17:47:12.065  INFO  manager.MyListener - The element -->By.cssSelector: [placeholder='Last Name']was found
17:47:12.177  INFO  manager.MyListener - Start find element by -->By.cssSelector: [placeholder='Phone']
17:47:12.188  INFO  manager.MyListener - The element -->By.cssSelector: [placeholder='Phone']was found
17:47:12.317  INFO  manager.MyListener - Start find element by -->By.cssSelector: [placeholder='email']
17:47:12.331  INFO  manager.MyListener - The element -->By.cssSelector: [placeholder='email']was found
17:47:12.470  INFO  manager.MyListener - Start find element by -->By.cssSelector: [placeholder='Address']
17:47:12.478  INFO  manager.MyListener - The element -->By.cssSelector: [placeholder='Address']was found
17:47:12.592  INFO  manager.MyListener - Start find element by -->By.cssSelector: [placeholder='description']
17:47:12.600  INFO  manager.MyListener - The element -->By.cssSelector: [placeholder='description']was found
17:47:12.758  INFO  manager.MyListener - Start find element by -->By.xpath: //button/b
17:47:12.767  INFO  manager.MyListener - The element -->By.xpath: //button/bwas found
17:47:12.814  INFO  manager.MyListener - Start find element by -->By.xpath: //h3
17:47:13.159  INFO  manager.MyListener - The element -->By.xpath: //h3was found
17:47:13.214  INFO  tests.TestBase - End of method -->addContactTestCSV
17:47:13.214  INFO  tests.TestBase - Start method -->addContactTestCSV
17:47:13.215  INFO  tests.TestBase - Test Start with Data -->[Contact(name=Mona, lastname=Dow, email=dow3@gmail.com, phone=9877776665, address=Haifa Herzel3, description=university friend)]
17:47:13.215  INFO  tests.TestBase - ==================================================================
17:47:13.215  INFO  manager.MyListener - Start find element by -->By.xpath: //button[text()='Sign Out']
17:47:13.227  INFO  manager.MyListener - The element -->By.xpath: //button[text()='Sign Out']was found
17:47:13.228  INFO  manager.MyListener - Start find element by -->By.xpath: //a[.='ADD']
17:47:13.241  INFO  manager.MyListener - The element -->By.xpath: //a[.='ADD']was found
17:47:13.298  INFO  manager.MyListener - Start find element by -->By.cssSelector: [placeholder='Name']
17:47:13.309  INFO  manager.MyListener - The element -->By.cssSelector: [placeholder='Name']was found
17:47:13.495  INFO  manager.MyListener - Start find element by -->By.cssSelector: [placeholder='Last Name']
17:47:13.511  INFO  manager.MyListener - The element -->By.cssSelector: [placeholder='Last Name']was found
17:47:13.622  INFO  manager.MyListener - Start find element by -->By.cssSelector: [placeholder='Phone']
17:47:13.632  INFO  manager.MyListener - The element -->By.cssSelector: [placeholder='Phone']was found
17:47:13.762  INFO  manager.MyListener - Start find element by -->By.cssSelector: [placeholder='email']
17:47:13.776  INFO  manager.MyListener - The element -->By.cssSelector: [placeholder='email']was found
17:47:13.914  INFO  manager.MyListener - Start find element by -->By.cssSelector: [placeholder='Address']
17:47:13.926  INFO  manager.MyListener - The element -->By.cssSelector: [placeholder='Address']was found
17:47:14.062  INFO  manager.MyListener - Start find element by -->By.cssSelector: [placeholder='description']
17:47:14.076  INFO  manager.MyListener - The element -->By.cssSelector: [placeholder='description']was found
17:47:14.213  INFO  manager.MyListener - Start find element by -->By.xpath: //button/b
17:47:14.223  INFO  manager.MyListener - The element -->By.xpath: //button/bwas found
17:47:14.261  INFO  manager.MyListener - Start find element by -->By.xpath: //h3
17:47:14.490  INFO  manager.MyListener - The element -->By.xpath: //h3was found
17:47:14.560  INFO  tests.TestBase - End of method -->addContactTestCSV
17:47:14.563  INFO  tests.TestBase - Start method -->addContactTestDataProvider
17:47:14.563  INFO  tests.TestBase - Test Start with Data -->[Mona, Dow, 9877776500, dow77@gmail.co, Haifa Herzel3, university friend]
17:47:14.563  INFO  tests.TestBase - ==================================================================
17:47:14.564  INFO  manager.MyListener - Start find element by -->By.xpath: //button[text()='Sign Out']
17:47:14.578  INFO  manager.MyListener - The element -->By.xpath: //button[text()='Sign Out']was found
17:47:14.579  INFO  manager.MyListener - Start find element by -->By.xpath: //a[.='ADD']
17:47:14.590  INFO  manager.MyListener - The element -->By.xpath: //a[.='ADD']was found
17:47:14.629  INFO  manager.MyListener - Start find element by -->By.cssSelector: [placeholder='Name']
17:47:14.639  INFO  manager.MyListener - The element -->By.cssSelector: [placeholder='Name']was found
17:47:14.841  INFO  manager.MyListener - Start find element by -->By.cssSelector: [placeholder='Last Name']
17:47:14.860  INFO  manager.MyListener - The element -->By.cssSelector: [placeholder='Last Name']was found
17:47:14.961  INFO  manager.MyListener - Start find element by -->By.cssSelector: [placeholder='Phone']
17:47:14.983  INFO  manager.MyListener - The element -->By.cssSelector: [placeholder='Phone']was found
17:47:15.091  INFO  manager.MyListener - Start find element by -->By.cssSelector: [placeholder='email']
17:47:15.101  INFO  manager.MyListener - The element -->By.cssSelector: [placeholder='email']was found
17:47:15.241  INFO  manager.MyListener - Start find element by -->By.cssSelector: [placeholder='Address']
17:47:15.255  INFO  manager.MyListener - The element -->By.cssSelector: [placeholder='Address']was found
17:47:15.365  INFO  manager.MyListener - Start find element by -->By.cssSelector: [placeholder='description']
17:47:15.378  INFO  manager.MyListener - The element -->By.cssSelector: [placeholder='description']was found
17:47:15.543  INFO  manager.MyListener - Start find element by -->By.xpath: //button/b
17:47:15.555  INFO  manager.MyListener - The element -->By.xpath: //button/bwas found
17:47:15.620  INFO  manager.MyListener - Start find element by -->By.xpath: //h3
17:47:15.854  INFO  manager.MyListener - The element -->By.xpath: //h3was found
17:47:15.929  INFO  tests.TestBase - End of method -->addContactTestDataProvider
17:47:15.930  INFO  tests.TestBase - Start method -->addContactTestDataProvider
17:47:15.930  INFO  tests.TestBase - Test Start with Data -->[Mona, Dow, 9817776500, dow78@gmail.co, Haifa Herzel3, university friend]
17:47:15.930  INFO  tests.TestBase - ==================================================================
17:47:15.930  INFO  manager.MyListener - Start find element by -->By.xpath: //button[text()='Sign Out']
17:47:15.939  INFO  manager.MyListener - The element -->By.xpath: //button[text()='Sign Out']was found
17:47:15.939  INFO  manager.MyListener - Start find element by -->By.xpath: //a[.='ADD']
17:47:15.946  INFO  manager.MyListener - The element -->By.xpath: //a[.='ADD']was found
17:47:15.992  INFO  manager.MyListener - Start find element by -->By.cssSelector: [placeholder='Name']
17:47:16.010  INFO  manager.MyListener - The element -->By.cssSelector: [placeholder='Name']was found
17:47:16.184  INFO  manager.MyListener - Start find element by -->By.cssSelector: [placeholder='Last Name']
17:47:16.198  INFO  manager.MyListener - The element -->By.cssSelector: [placeholder='Last Name']was found
17:47:16.314  INFO  manager.MyListener - Start find element by -->By.cssSelector: [placeholder='Phone']
17:47:16.328  INFO  manager.MyListener - The element -->By.cssSelector: [placeholder='Phone']was found
17:47:16.434  INFO  manager.MyListener - Start find element by -->By.cssSelector: [placeholder='email']
17:47:16.450  INFO  manager.MyListener - The element -->By.cssSelector: [placeholder='email']was found
17:47:16.603  INFO  manager.MyListener - Start find element by -->By.cssSelector: [placeholder='Address']
17:47:16.612  INFO  manager.MyListener - The element -->By.cssSelector: [placeholder='Address']was found
17:47:16.744  INFO  manager.MyListener - Start find element by -->By.cssSelector: [placeholder='description']
17:47:16.755  INFO  manager.MyListener - The element -->By.cssSelector: [placeholder='description']was found
17:47:16.881  INFO  manager.MyListener - Start find element by -->By.xpath: //button/b
17:47:16.892  INFO  manager.MyListener - The element -->By.xpath: //button/bwas found
17:47:16.926  INFO  manager.MyListener - Start find element by -->By.xpath: //h3
17:47:17.189  INFO  manager.MyListener - The element -->By.xpath: //h3was found
17:47:17.275  INFO  tests.TestBase - End of method -->addContactTestDataProvider
17:47:17.276  INFO  tests.TestBase - Start method -->addContactTestDataProvider
17:47:17.276  INFO  tests.TestBase - Test Start with Data -->[Mona, Dow, 9827776500, dow79@gmail.co, Haifa Herzel3, university friend]
17:47:17.276  INFO  tests.TestBase - ==================================================================
17:47:17.277  INFO  manager.MyListener - Start find element by -->By.xpath: //button[text()='Sign Out']
17:47:17.285  INFO  manager.MyListener - The element -->By.xpath: //button[text()='Sign Out']was found
17:47:17.286  INFO  manager.MyListener - Start find element by -->By.xpath: //a[.='ADD']
17:47:17.294  INFO  manager.MyListener - The element -->By.xpath: //a[.='ADD']was found
17:47:17.329  INFO  manager.MyListener - Start find element by -->By.cssSelector: [placeholder='Name']
17:47:17.344  INFO  manager.MyListener - The element -->By.cssSelector: [placeholder='Name']was found
17:47:17.527  INFO  manager.MyListener - Start find element by -->By.cssSelector: [placeholder='Last Name']
17:47:17.540  INFO  manager.MyListener - The element -->By.cssSelector: [placeholder='Last Name']was found
17:47:17.645  INFO  manager.MyListener - Start find element by -->By.cssSelector: [placeholder='Phone']
17:47:17.664  INFO  manager.MyListener - The element -->By.cssSelector: [placeholder='Phone']was found
17:47:17.797  INFO  manager.MyListener - Start find element by -->By.cssSelector: [placeholder='email']
17:47:17.832  INFO  manager.MyListener - The element -->By.cssSelector: [placeholder='email']was found
17:47:17.988  INFO  manager.MyListener - Start find element by -->By.cssSelector: [placeholder='Address']
17:47:17.996  INFO  manager.MyListener - The element -->By.cssSelector: [placeholder='Address']was found
17:47:18.139  INFO  manager.MyListener - Start find element by -->By.cssSelector: [placeholder='description']
17:47:18.148  INFO  manager.MyListener - The element -->By.cssSelector: [placeholder='description']was found
17:47:18.296  INFO  manager.MyListener - Start find element by -->By.xpath: //button/b
17:47:18.309  INFO  manager.MyListener - The element -->By.xpath: //button/bwas found
17:47:18.348  INFO  manager.MyListener - Start find element by -->By.xpath: //h3
17:47:18.729  INFO  manager.MyListener - The element -->By.xpath: //h3was found
17:47:18.830  INFO  tests.TestBase - End of method -->addContactTestDataProvider
17:47:47.443  INFO  manager.AppManager - Start in browser CHROME
17:47:48.308  INFO  tests.TestBase - Start method -->addContactTestBase
17:47:48.310  INFO  tests.TestBase - Test Start with Data -->[]
17:47:48.311  INFO  tests.TestBase - ==================================================================
17:47:48.313  INFO  manager.MyListener - Start find element by -->By.xpath: //button[text()='Sign Out']
17:47:58.331  INFO  manager.MyListener - The element -->By.xpath: //button[text()='Sign Out']was found
17:47:58.332  INFO  manager.MyListener - Start find element by -->By.xpath: //a[.='LOGIN']
17:47:58.349  INFO  manager.MyListener - The element -->By.xpath: //a[.='LOGIN']was found
17:47:58.432  INFO  manager.MyListener - Start find element by -->By.xpath: //input[1]
17:47:58.447  INFO  manager.MyListener - The element -->By.xpath: //input[1]was found
17:47:58.716  INFO  manager.MyListener - Start find element by -->By.xpath: //input[2]
17:47:58.729  INFO  manager.MyListener - The element -->By.xpath: //input[2]was found
17:47:58.840  INFO  manager.MyListener - Start find element by -->By.xpath: //button[1]
17:47:58.852  INFO  manager.MyListener - The element -->By.xpath: //button[1]was found
17:47:59.922  INFO  manager.MyListener - Start find element by -->By.xpath: //a[.='ADD']
17:47:59.935  INFO  manager.MyListener - The element -->By.xpath: //a[.='ADD']was found
17:48:00.055  INFO  manager.MyListener - Start find element by -->By.cssSelector: [placeholder='Name']
17:48:00.069  INFO  manager.MyListener - The element -->By.cssSelector: [placeholder='Name']was found
17:48:00.276  INFO  manager.MyListener - Start find element by -->By.cssSelector: [placeholder='Last Name']
17:48:00.300  INFO  manager.MyListener - The element -->By.cssSelector: [placeholder='Last Name']was found
17:48:00.398  INFO  manager.MyListener - Start find element by -->By.cssSelector: [placeholder='Phone']
17:48:00.420  INFO  manager.MyListener - The element -->By.cssSelector: [placeholder='Phone']was found
17:48:00.558  INFO  manager.MyListener - Start find element by -->By.cssSelector: [placeholder='email']
17:48:00.581  INFO  manager.MyListener - The element -->By.cssSelector: [placeholder='email']was found
17:48:00.726  INFO  manager.MyListener - Start find element by -->By.cssSelector: [placeholder='Address']
17:48:00.740  INFO  manager.MyListener - The element -->By.cssSelector: [placeholder='Address']was found
17:48:00.847  INFO  manager.MyListener - Start find element by -->By.cssSelector: [placeholder='description']
17:48:00.866  INFO  manager.MyListener - The element -->By.cssSelector: [placeholder='description']was found
17:48:00.987  INFO  manager.MyListener - Start find element by -->By.xpath: //button/b
17:48:01.009  INFO  manager.MyListener - The element -->By.xpath: //button/bwas found
17:48:01.113  INFO  manager.MyListener - Start find element by -->By.xpath: //h3
17:48:01.362  INFO  manager.MyListener - The element -->By.xpath: //h3was found
17:48:01.483  INFO  tests.TestBase - End of method -->addContactTestBase
17:48:01.484  INFO  tests.TestBase - Start method -->addContactTestBase
17:48:01.484  INFO  tests.TestBase - Test Start with Data -->[]
17:48:01.484  INFO  tests.TestBase - ==================================================================
17:48:01.485  INFO  manager.MyListener - Start find element by -->By.xpath: //button[text()='Sign Out']
17:48:01.498  INFO  manager.MyListener - The element -->By.xpath: //button[text()='Sign Out']was found
17:48:01.499  INFO  manager.MyListener - Start find element by -->By.xpath: //a[.='ADD']
17:48:01.507  INFO  manager.MyListener - The element -->By.xpath: //a[.='ADD']was found
17:48:01.578  INFO  manager.MyListener - Start find element by -->By.cssSelector: [placeholder='Name']
17:48:01.587  INFO  manager.MyListener - The element -->By.cssSelector: [placeholder='Name']was found
17:48:01.825  INFO  manager.MyListener - Start find element by -->By.cssSelector: [placeholder='Last Name']
17:48:01.835  INFO  manager.MyListener - The element -->By.cssSelector: [placeholder='Last Name']was found
17:48:01.925  INFO  manager.MyListener - Start find element by -->By.cssSelector: [placeholder='Phone']
17:48:01.934  INFO  manager.MyListener - The element -->By.cssSelector: [placeholder='Phone']was found
17:48:02.109  INFO  manager.MyListener - Start find element by -->By.cssSelector: [placeholder='email']
17:48:02.125  INFO  manager.MyListener - The element -->By.cssSelector: [placeholder='email']was found
17:48:02.347  INFO  manager.MyListener - Start find element by -->By.cssSelector: [placeholder='Address']
17:48:02.367  INFO  manager.MyListener - The element -->By.cssSelector: [placeholder='Address']was found
17:48:02.477  INFO  manager.MyListener - Start find element by -->By.cssSelector: [placeholder='description']
17:48:02.491  INFO  manager.MyListener - The element -->By.cssSelector: [placeholder='description']was found
17:48:02.763  INFO  manager.MyListener - Start find element by -->By.xpath: //button/b
17:48:02.784  INFO  manager.MyListener - The element -->By.xpath: //button/bwas found
17:48:02.868  INFO  manager.MyListener - Start find element by -->By.xpath: //h3
17:48:03.116  INFO  manager.MyListener - The element -->By.xpath: //h3was found
17:48:03.232  INFO  tests.TestBase - End of method -->addContactTestBase
17:48:03.233  INFO  tests.TestBase - Start method -->addContactTestBase
17:48:03.233  INFO  tests.TestBase - Test Start with Data -->[]
17:48:03.233  INFO  tests.TestBase - ==================================================================
17:48:03.233  INFO  manager.MyListener - Start find element by -->By.xpath: //button[text()='Sign Out']
17:48:03.241  INFO  manager.MyListener - The element -->By.xpath: //button[text()='Sign Out']was found
17:48:03.241  INFO  manager.MyListener - Start find element by -->By.xpath: //a[.='ADD']
17:48:03.257  INFO  manager.MyListener - The element -->By.xpath: //a[.='ADD']was found
17:48:03.303  INFO  manager.MyListener - Start find element by -->By.cssSelector: [placeholder='Name']
17:48:03.325  INFO  manager.MyListener - The element -->By.cssSelector: [placeholder='Name']was found
17:48:03.481  INFO  manager.MyListener - Start find element by -->By.cssSelector: [placeholder='Last Name']
17:48:03.508  INFO  manager.MyListener - The element -->By.cssSelector: [placeholder='Last Name']was found
17:48:03.611  INFO  manager.MyListener - Start find element by -->By.cssSelector: [placeholder='Phone']
17:48:03.625  INFO  manager.MyListener - The element -->By.cssSelector: [placeholder='Phone']was found
17:48:03.751  INFO  manager.MyListener - Start find element by -->By.cssSelector: [placeholder='email']
17:48:03.766  INFO  manager.MyListener - The element -->By.cssSelector: [placeholder='email']was found
17:48:03.932  INFO  manager.MyListener - Start find element by -->By.cssSelector: [placeholder='Address']
17:48:03.946  INFO  manager.MyListener - The element -->By.cssSelector: [placeholder='Address']was found
17:48:04.052  INFO  manager.MyListener - Start find element by -->By.cssSelector: [placeholder='description']
17:48:04.079  INFO  manager.MyListener - The element -->By.cssSelector: [placeholder='description']was found
17:48:04.195  INFO  manager.MyListener - Start find element by -->By.xpath: //button/b
17:48:04.208  INFO  manager.MyListener - The element -->By.xpath: //button/bwas found
17:48:04.278  INFO  manager.MyListener - Start find element by -->By.xpath: //h3
17:48:04.514  INFO  manager.MyListener - The element -->By.xpath: //h3was found
17:48:04.650  INFO  tests.TestBase - End of method -->addContactTestBase
17:48:04.657  INFO  tests.TestBase - Start method -->addContactTestCSV
17:48:04.657  INFO  tests.TestBase - Test Start with Data -->[Contact(name=Mona, lastname=Dow, email=dow2@gmail.com, phone=9877776503, address=Haifa Herzel3, description=university friend)]
17:48:04.657  INFO  tests.TestBase - ==================================================================
17:48:04.658  INFO  manager.MyListener - Start find element by -->By.xpath: //button[text()='Sign Out']
17:48:04.666  INFO  manager.MyListener - The element -->By.xpath: //button[text()='Sign Out']was found
17:48:04.667  INFO  manager.MyListener - Start find element by -->By.xpath: //a[.='ADD']
17:48:04.674  INFO  manager.MyListener - The element -->By.xpath: //a[.='ADD']was found
17:48:04.717  INFO  manager.MyListener - Start find element by -->By.cssSelector: [placeholder='Name']
17:48:04.727  INFO  manager.MyListener - The element -->By.cssSelector: [placeholder='Name']was found
17:48:04.930  INFO  manager.MyListener - Start find element by -->By.cssSelector: [placeholder='Last Name']
17:48:04.944  INFO  manager.MyListener - The element -->By.cssSelector: [placeholder='Last Name']was found
17:48:05.054  INFO  manager.MyListener - Start find element by -->By.cssSelector: [placeholder='Phone']
17:48:05.063  INFO  manager.MyListener - The element -->By.cssSelector: [placeholder='Phone']was found
17:48:05.184  INFO  manager.MyListener - Start find element by -->By.cssSelector: [placeholder='email']
17:48:05.195  INFO  manager.MyListener - The element -->By.cssSelector: [placeholder='email']was found
17:48:05.367  INFO  manager.MyListener - Start find element by -->By.cssSelector: [placeholder='Address']
17:48:05.380  INFO  manager.MyListener - The element -->By.cssSelector: [placeholder='Address']was found
17:48:05.494  INFO  manager.MyListener - Start find element by -->By.cssSelector: [placeholder='description']
17:48:05.504  INFO  manager.MyListener - The element -->By.cssSelector: [placeholder='description']was found
17:48:05.629  INFO  manager.MyListener - Start find element by -->By.xpath: //button/b
17:48:05.639  INFO  manager.MyListener - The element -->By.xpath: //button/bwas found
17:48:05.736  INFO  manager.MyListener - Start find element by -->By.xpath: //h3
17:48:15.760  INFO  manager.MyListener - The element -->By.xpath: //h3was found
17:48:15.765  INFO  tests.TestBase - End of method -->addContactTestCSV
17:48:15.766  INFO  tests.TestBase - Start method -->addContactTestCSV
17:48:15.767  INFO  tests.TestBase - Test Start with Data -->[Contact(name=Mona, lastname=Dow, email=dow3@gmail.com, phone=9877776665, address=Haifa Herzel3, description=university friend)]
17:48:15.767  INFO  tests.TestBase - ==================================================================
17:48:15.768  INFO  manager.MyListener - Start find element by -->By.xpath: //button[text()='Sign Out']
17:48:15.829  INFO  manager.MyListener - The element -->By.xpath: //button[text()='Sign Out']was found
17:48:15.830  INFO  manager.MyListener - Start find element by -->By.xpath: //a[.='ADD']
17:48:15.859  INFO  manager.MyListener - The element -->By.xpath: //a[.='ADD']was found
17:48:15.965  INFO  manager.MyListener - Start find element by -->By.cssSelector: [placeholder='Name']
17:48:15.983  INFO  manager.MyListener - The element -->By.cssSelector: [placeholder='Name']was found
17:48:16.261  INFO  manager.MyListener - Start find element by -->By.cssSelector: [placeholder='Last Name']
17:48:16.273  INFO  manager.MyListener - The element -->By.cssSelector: [placeholder='Last Name']was found
17:48:16.465  INFO  manager.MyListener - Start find element by -->By.cssSelector: [placeholder='Phone']
17:48:16.510  INFO  manager.MyListener - The element -->By.cssSelector: [placeholder='Phone']was found
17:48:16.779  INFO  manager.MyListener - Start find element by -->By.cssSelector: [placeholder='email']
17:48:16.799  INFO  manager.MyListener - The element -->By.cssSelector: [placeholder='email']was found
17:48:17.065  INFO  manager.MyListener - Start find element by -->By.cssSelector: [placeholder='Address']
17:48:17.090  INFO  manager.MyListener - The element -->By.cssSelector: [placeholder='Address']was found
17:48:17.316  INFO  manager.MyListener - Start find element by -->By.cssSelector: [placeholder='description']
17:48:17.330  INFO  manager.MyListener - The element -->By.cssSelector: [placeholder='description']was found
17:48:17.577  INFO  manager.MyListener - Start find element by -->By.xpath: //button/b
17:48:17.590  INFO  manager.MyListener - The element -->By.xpath: //button/bwas found
17:48:17.659  INFO  manager.MyListener - Start find element by -->By.xpath: //h3
17:48:27.671  INFO  manager.MyListener - The element -->By.xpath: //h3was found
17:48:27.674  INFO  tests.TestBase - End of method -->addContactTestCSV
17:48:27.677  INFO  tests.TestBase - Start method -->addContactTestDataProvider
17:48:27.677  INFO  tests.TestBase - Test Start with Data -->[Mona, Dow, 9877776500, dow77@gmail.co, Haifa Herzel3, university friend]
17:48:27.677  INFO  tests.TestBase - ==================================================================
17:48:27.678  INFO  manager.MyListener - Start find element by -->By.xpath: //button[text()='Sign Out']
17:48:27.693  INFO  manager.MyListener - The element -->By.xpath: //button[text()='Sign Out']was found
17:48:27.693  INFO  manager.MyListener - Start find element by -->By.xpath: //a[.='ADD']
17:48:27.703  INFO  manager.MyListener - The element -->By.xpath: //a[.='ADD']was found
17:48:27.760  INFO  manager.MyListener - Start find element by -->By.cssSelector: [placeholder='Name']
17:48:27.789  INFO  manager.MyListener - The element -->By.cssSelector: [placeholder='Name']was found
17:48:27.983  INFO  manager.MyListener - Start find element by -->By.cssSelector: [placeholder='Last Name']
17:48:27.998  INFO  manager.MyListener - The element -->By.cssSelector: [placeholder='Last Name']was found
17:48:28.190  INFO  manager.MyListener - Start find element by -->By.cssSelector: [placeholder='Phone']
17:48:28.199  INFO  manager.MyListener - The element -->By.cssSelector: [placeholder='Phone']was found
17:48:28.400  INFO  manager.MyListener - Start find element by -->By.cssSelector: [placeholder='email']
17:48:28.417  INFO  manager.MyListener - The element -->By.cssSelector: [placeholder='email']was found
17:48:28.622  INFO  manager.MyListener - Start find element by -->By.cssSelector: [placeholder='Address']
17:48:28.633  INFO  manager.MyListener - The element -->By.cssSelector: [placeholder='Address']was found
17:48:28.873  INFO  manager.MyListener - Start find element by -->By.cssSelector: [placeholder='description']
17:48:28.882  INFO  manager.MyListener - The element -->By.cssSelector: [placeholder='description']was found
17:48:29.132  INFO  manager.MyListener - Start find element by -->By.xpath: //button/b
17:48:29.146  INFO  manager.MyListener - The element -->By.xpath: //button/bwas found
17:48:29.184  INFO  manager.MyListener - Start find element by -->By.xpath: //h3
17:48:39.261  INFO  manager.MyListener - The element -->By.xpath: //h3was found
17:48:39.264  INFO  tests.TestBase - End of method -->addContactTestDataProvider
17:48:39.266  INFO  tests.TestBase - Start method -->addContactTestDataProvider
17:48:39.266  INFO  tests.TestBase - Test Start with Data -->[Mona, Dow, 9817776500, dow78@gmail.co, Haifa Herzel3, university friend]
17:48:39.266  INFO  tests.TestBase - ==================================================================
17:48:39.267  INFO  manager.MyListener - Start find element by -->By.xpath: //button[text()='Sign Out']
17:48:39.285  INFO  manager.MyListener - The element -->By.xpath: //button[text()='Sign Out']was found
17:48:39.286  INFO  manager.MyListener - Start find element by -->By.xpath: //a[.='ADD']
17:48:39.299  INFO  manager.MyListener - The element -->By.xpath: //a[.='ADD']was found
17:48:39.335  INFO  manager.MyListener - Start find element by -->By.cssSelector: [placeholder='Name']
17:48:39.363  INFO  manager.MyListener - The element -->By.cssSelector: [placeholder='Name']was found
17:48:39.612  INFO  manager.MyListener - Start find element by -->By.cssSelector: [placeholder='Last Name']
17:48:39.624  INFO  manager.MyListener - The element -->By.cssSelector: [placeholder='Last Name']was found
17:48:39.815  INFO  manager.MyListener - Start find element by -->By.cssSelector: [placeholder='Phone']
17:48:39.826  INFO  manager.MyListener - The element -->By.cssSelector: [placeholder='Phone']was found
17:48:40.029  INFO  manager.MyListener - Start find element by -->By.cssSelector: [placeholder='email']
17:48:40.040  INFO  manager.MyListener - The element -->By.cssSelector: [placeholder='email']was found
17:48:40.280  INFO  manager.MyListener - Start find element by -->By.cssSelector: [placeholder='Address']
17:48:40.295  INFO  manager.MyListener - The element -->By.cssSelector: [placeholder='Address']was found
17:48:40.525  INFO  manager.MyListener - Start find element by -->By.cssSelector: [placeholder='description']
17:48:40.534  INFO  manager.MyListener - The element -->By.cssSelector: [placeholder='description']was found
17:48:40.764  INFO  manager.MyListener - Start find element by -->By.xpath: //button/b
17:48:40.782  INFO  manager.MyListener - The element -->By.xpath: //button/bwas found
17:48:40.869  INFO  manager.MyListener - Start find element by -->By.xpath: //h3
17:48:50.930  INFO  manager.MyListener - The element -->By.xpath: //h3was found
17:48:50.931  INFO  tests.TestBase - End of method -->addContactTestDataProvider
17:48:50.932  INFO  tests.TestBase - Start method -->addContactTestDataProvider
17:48:50.932  INFO  tests.TestBase - Test Start with Data -->[Mona, Dow, 9827776500, dow79@gmail.co, Haifa Herzel3, university friend]
17:48:50.932  INFO  tests.TestBase - ==================================================================
17:48:50.933  INFO  manager.MyListener - Start find element by -->By.xpath: //button[text()='Sign Out']
17:48:50.965  INFO  manager.MyListener - The element -->By.xpath: //button[text()='Sign Out']was found
17:48:50.966  INFO  manager.MyListener - Start find element by -->By.xpath: //a[.='ADD']
17:48:50.979  INFO  manager.MyListener - The element -->By.xpath: //a[.='ADD']was found
17:48:51.029  INFO  manager.MyListener - Start find element by -->By.cssSelector: [placeholder='Name']
17:48:51.045  INFO  manager.MyListener - The element -->By.cssSelector: [placeholder='Name']was found
17:48:51.294  INFO  manager.MyListener - Start find element by -->By.cssSelector: [placeholder='Last Name']
17:48:51.313  INFO  manager.MyListener - The element -->By.cssSelector: [placeholder='Last Name']was found
17:48:51.499  INFO  manager.MyListener - Start find element by -->By.cssSelector: [placeholder='Phone']
17:48:51.514  INFO  manager.MyListener - The element -->By.cssSelector: [placeholder='Phone']was found
17:48:51.730  INFO  manager.MyListener - Start find element by -->By.cssSelector: [placeholder='email']
17:48:51.742  INFO  manager.MyListener - The element -->By.cssSelector: [placeholder='email']was found
17:48:51.985  INFO  manager.MyListener - Start find element by -->By.cssSelector: [placeholder='Address']
17:48:52.004  INFO  manager.MyListener - The element -->By.cssSelector: [placeholder='Address']was found
17:48:52.174  INFO  manager.MyListener - Start find element by -->By.cssSelector: [placeholder='description']
17:48:52.183  INFO  manager.MyListener - The element -->By.cssSelector: [placeholder='description']was found
17:48:52.384  INFO  manager.MyListener - Start find element by -->By.xpath: //button/b
17:48:52.395  INFO  manager.MyListener - The element -->By.xpath: //button/bwas found
17:48:52.418  INFO  manager.MyListener - Start find element by -->By.xpath: //h3
17:49:02.488  INFO  manager.MyListener - The element -->By.xpath: //h3was found
17:49:02.490  INFO  tests.TestBase - End of method -->addContactTestDataProvider
17:49:02.493  INFO  tests.TestBase - Start method -->loginTestBase
17:49:02.493  INFO  tests.TestBase - Test Start with Data -->[]
17:49:02.493  INFO  tests.TestBase - ==================================================================
17:49:02.494  INFO  manager.MyListener - Start find element by -->By.xpath: //button[text()='Sign Out']
17:49:02.511  INFO  manager.MyListener - The element -->By.xpath: //button[text()='Sign Out']was found
17:49:02.532  INFO  manager.MyListener - Start find element by -->By.xpath: //button[text()='Sign Out']
17:49:02.555  INFO  manager.MyListener - The element -->By.xpath: //button[text()='Sign Out']was found
17:49:02.614  INFO  manager.MyListener - Start find element by -->By.xpath: //button[text()='Sign Out']
17:49:02.622  INFO  manager.MyListener - The element -->By.xpath: //button[text()='Sign Out']was found
17:49:02.736  INFO  manager.MyListener - Start find element by -->By.xpath: //a[.='LOGIN']
17:49:02.756  INFO  manager.MyListener - The element -->By.xpath: //a[.='LOGIN']was found
17:49:02.844  INFO  manager.MyListener - Start find element by -->By.xpath: //input[1]
17:49:02.866  INFO  manager.MyListener - The element -->By.xpath: //input[1]was found
17:49:03.060  INFO  manager.MyListener - Start find element by -->By.xpath: //input[2]
17:49:03.071  INFO  manager.MyListener - The element -->By.xpath: //input[2]was found
17:49:03.208  INFO  manager.MyListener - Start find element by -->By.xpath: //button[1]
17:49:03.223  INFO  manager.MyListener - The element -->By.xpath: //button[1]was found
17:49:03.275  INFO  manager.MyListener - Start find element by -->By.xpath: //button[text()='Sign Out']
17:49:03.393  INFO  manager.MyListener - The element -->By.xpath: //button[text()='Sign Out']was found
17:49:03.395  INFO  tests.TestBase - End of method -->loginTestBase
17:49:03.396  INFO  tests.TestBase - Start method -->loginTestDP_CSV
17:49:03.397  INFO  tests.TestBase - Test Start with Data -->[User{email='noa@gmail.com', password='Nnoa12345$'}]
17:49:03.397  INFO  tests.TestBase - ==================================================================
17:49:03.397  INFO  manager.MyListener - Start find element by -->By.xpath: //button[text()='Sign Out']
17:49:03.407  INFO  manager.MyListener - The element -->By.xpath: //button[text()='Sign Out']was found
17:49:03.408  INFO  manager.MyListener - Start find element by -->By.xpath: //button[text()='Sign Out']
17:49:03.418  INFO  manager.MyListener - The element -->By.xpath: //button[text()='Sign Out']was found
17:49:03.440  INFO  manager.MyListener - Start find element by -->By.xpath: //button[text()='Sign Out']
17:49:03.447  INFO  manager.MyListener - The element -->By.xpath: //button[text()='Sign Out']was found
17:49:03.498  INFO  manager.MyListener - Start find element by -->By.xpath: //a[.='LOGIN']
17:49:03.525  INFO  manager.MyListener - The element -->By.xpath: //a[.='LOGIN']was found
17:49:03.597  INFO  manager.MyListener - Start find element by -->By.xpath: //input[1]
17:49:03.611  INFO  manager.MyListener - The element -->By.xpath: //input[1]was found
17:49:03.753  INFO  manager.MyListener - Start find element by -->By.xpath: //input[2]
17:49:03.763  INFO  manager.MyListener - The element -->By.xpath: //input[2]was found
17:49:03.900  INFO  manager.MyListener - Start find element by -->By.xpath: //button[1]
17:49:03.918  INFO  manager.MyListener - The element -->By.xpath: //button[1]was found
17:49:04.010  INFO  manager.MyListener - Start find element by -->By.xpath: //button[text()='Sign Out']
17:49:04.133  INFO  manager.MyListener - The element -->By.xpath: //button[text()='Sign Out']was found
17:49:04.134  INFO  tests.TestBase - End of method -->loginTestDP_CSV
17:49:04.135  INFO  tests.TestBase - Start method -->loginTestDP_CSV
17:49:04.135  INFO  tests.TestBase - Test Start with Data -->[User{email='noa@gmail.com', password='Nnoa12345$'}]
17:49:04.135  INFO  tests.TestBase - ==================================================================
17:49:04.135  INFO  manager.MyListener - Start find element by -->By.xpath: //button[text()='Sign Out']
17:49:04.144  INFO  manager.MyListener - The element -->By.xpath: //button[text()='Sign Out']was found
17:49:04.144  INFO  manager.MyListener - Start find element by -->By.xpath: //button[text()='Sign Out']
17:49:04.154  INFO  manager.MyListener - The element -->By.xpath: //button[text()='Sign Out']was found
17:49:04.171  INFO  manager.MyListener - Start find element by -->By.xpath: //button[text()='Sign Out']
17:49:04.181  INFO  manager.MyListener - The element -->By.xpath: //button[text()='Sign Out']was found
17:49:04.232  INFO  manager.MyListener - Start find element by -->By.xpath: //a[.='LOGIN']
17:49:04.256  INFO  manager.MyListener - The element -->By.xpath: //a[.='LOGIN']was found
17:49:04.298  INFO  manager.MyListener - Start find element by -->By.xpath: //input[1]
17:49:04.311  INFO  manager.MyListener - The element -->By.xpath: //input[1]was found
17:49:04.464  INFO  manager.MyListener - Start find element by -->By.xpath: //input[2]
17:49:04.475  INFO  manager.MyListener - The element -->By.xpath: //input[2]was found
17:49:04.585  INFO  manager.MyListener - Start find element by -->By.xpath: //button[1]
17:49:04.598  INFO  manager.MyListener - The element -->By.xpath: //button[1]was found
17:49:04.645  INFO  manager.MyListener - Start find element by -->By.xpath: //button[text()='Sign Out']
17:49:04.768  INFO  manager.MyListener - The element -->By.xpath: //button[text()='Sign Out']was found
17:49:04.769  INFO  tests.TestBase - End of method -->loginTestDP_CSV
17:49:04.770  INFO  tests.TestBase - Start method -->loginTestDP_CSV
17:49:04.770  INFO  tests.TestBase - Test Start with Data -->[User{email='noa@gmail.com', password='Nnoa12345$'}]
17:49:04.770  INFO  tests.TestBase - ==================================================================
17:49:04.771  INFO  manager.MyListener - Start find element by -->By.xpath: //button[text()='Sign Out']
17:49:04.781  INFO  manager.MyListener - The element -->By.xpath: //button[text()='Sign Out']was found
17:49:04.781  INFO  manager.MyListener - Start find element by -->By.xpath: //button[text()='Sign Out']
17:49:04.790  INFO  manager.MyListener - The element -->By.xpath: //button[text()='Sign Out']was found
17:49:04.808  INFO  manager.MyListener - Start find element by -->By.xpath: //button[text()='Sign Out']
17:49:04.816  INFO  manager.MyListener - The element -->By.xpath: //button[text()='Sign Out']was found
17:49:04.880  INFO  manager.MyListener - Start find element by -->By.xpath: //a[.='LOGIN']
17:49:04.894  INFO  manager.MyListener - The element -->By.xpath: //a[.='LOGIN']was found
17:49:04.937  INFO  manager.MyListener - Start find element by -->By.xpath: //input[1]
17:49:04.951  INFO  manager.MyListener - The element -->By.xpath: //input[1]was found
17:49:05.132  INFO  manager.MyListener - Start find element by -->By.xpath: //input[2]
17:49:05.143  INFO  manager.MyListener - The element -->By.xpath: //input[2]was found
17:49:05.291  INFO  manager.MyListener - Start find element by -->By.xpath: //button[1]
17:49:05.299  INFO  manager.MyListener - The element -->By.xpath: //button[1]was found
17:49:05.334  INFO  manager.MyListener - Start find element by -->By.xpath: //button[text()='Sign Out']
17:49:05.456  INFO  manager.MyListener - The element -->By.xpath: //button[text()='Sign Out']was found
17:49:05.457  INFO  tests.TestBase - End of method -->loginTestDP_CSV
17:49:05.458  INFO  tests.TestBase - Start method -->loginTestDataProvider
17:49:05.459  INFO  tests.TestBase - Test Start with Data -->[noa@gmail.com, Nnoa12345$]
17:49:05.459  INFO  tests.TestBase - ==================================================================
17:49:05.460  INFO  manager.MyListener - Start find element by -->By.xpath: //button[text()='Sign Out']
17:49:05.470  INFO  manager.MyListener - The element -->By.xpath: //button[text()='Sign Out']was found
17:49:05.470  INFO  manager.MyListener - Start find element by -->By.xpath: //button[text()='Sign Out']
17:49:05.478  INFO  manager.MyListener - The element -->By.xpath: //button[text()='Sign Out']was found
17:49:05.492  INFO  manager.MyListener - Start find element by -->By.xpath: //button[text()='Sign Out']
17:49:05.500  INFO  manager.MyListener - The element -->By.xpath: //button[text()='Sign Out']was found
17:49:05.553  INFO  manager.MyListener - Start find element by -->By.xpath: //a[.='LOGIN']
17:49:05.579  INFO  manager.MyListener - The element -->By.xpath: //a[.='LOGIN']was found
17:49:05.625  INFO  manager.MyListener - Start find element by -->By.xpath: //input[1]
17:49:05.633  INFO  manager.MyListener - The element -->By.xpath: //input[1]was found
17:49:05.808  INFO  manager.MyListener - Start find element by -->By.xpath: //input[2]
17:49:05.831  INFO  manager.MyListener - The element -->By.xpath: //input[2]was found
17:49:05.942  INFO  manager.MyListener - Start find element by -->By.xpath: //button[1]
17:49:05.952  INFO  manager.MyListener - The element -->By.xpath: //button[1]was found
17:49:08.000  INFO  manager.MyListener - Start find element by -->By.xpath: //button[text()='Sign Out']
17:49:08.017  INFO  manager.MyListener - The element -->By.xpath: //button[text()='Sign Out']was found
17:49:08.018  INFO  tests.TestBase - End of method -->loginTestDataProvider
17:49:08.019  INFO  tests.TestBase - Start method -->loginTestDataProvider
17:49:08.019  INFO  tests.TestBase - Test Start with Data -->[sonya@gmail.com, Ss12345$]
17:49:08.019  INFO  tests.TestBase - ==================================================================
17:49:08.019  INFO  manager.MyListener - Start find element by -->By.xpath: //button[text()='Sign Out']
17:49:08.027  INFO  manager.MyListener - The element -->By.xpath: //button[text()='Sign Out']was found
17:49:08.027  INFO  manager.MyListener - Start find element by -->By.xpath: //button[text()='Sign Out']
17:49:08.034  INFO  manager.MyListener - The element -->By.xpath: //button[text()='Sign Out']was found
17:49:08.049  INFO  manager.MyListener - Start find element by -->By.xpath: //button[text()='Sign Out']
17:49:08.065  INFO  manager.MyListener - The element -->By.xpath: //button[text()='Sign Out']was found
17:49:08.118  INFO  manager.MyListener - Start find element by -->By.xpath: //a[.='LOGIN']
17:49:08.147  INFO  manager.MyListener - The element -->By.xpath: //a[.='LOGIN']was found
17:49:08.180  INFO  manager.MyListener - Start find element by -->By.xpath: //input[1]
17:49:08.187  INFO  manager.MyListener - The element -->By.xpath: //input[1]was found
17:49:08.381  INFO  manager.MyListener - Start find element by -->By.xpath: //input[2]
17:49:08.396  INFO  manager.MyListener - The element -->By.xpath: //input[2]was found
17:49:08.534  INFO  manager.MyListener - Start find element by -->By.xpath: //button[1]
17:49:08.545  INFO  manager.MyListener - The element -->By.xpath: //button[1]was found
17:49:10.587  INFO  manager.MyListener - Start find element by -->By.xpath: //button[text()='Sign Out']
17:49:10.602  INFO  manager.MyListener - The element -->By.xpath: //button[text()='Sign Out']was found
17:49:10.603  INFO  tests.TestBase - End of method -->loginTestDataProvider
17:49:10.605  INFO  tests.TestBase - Start method -->loginTestDataProvider
17:49:10.605  INFO  tests.TestBase - Test Start with Data -->[noa@gmail.com, Nnoa12345$]
17:49:10.605  INFO  tests.TestBase - ==================================================================
17:49:10.606  INFO  manager.MyListener - Start find element by -->By.xpath: //button[text()='Sign Out']
17:49:10.615  INFO  manager.MyListener - The element -->By.xpath: //button[text()='Sign Out']was found
17:49:10.616  INFO  manager.MyListener - Start find element by -->By.xpath: //button[text()='Sign Out']
17:49:10.626  INFO  manager.MyListener - The element -->By.xpath: //button[text()='Sign Out']was found
17:49:10.658  INFO  manager.MyListener - Start find element by -->By.xpath: //button[text()='Sign Out']
17:49:10.670  INFO  manager.MyListener - The element -->By.xpath: //button[text()='Sign Out']was found
17:49:10.735  INFO  manager.MyListener - Start find element by -->By.xpath: //a[.='LOGIN']
17:49:10.761  INFO  manager.MyListener - The element -->By.xpath: //a[.='LOGIN']was found
17:49:10.803  INFO  manager.MyListener - Start find element by -->By.xpath: //input[1]
17:49:10.810  INFO  manager.MyListener - The element -->By.xpath: //input[1]was found
17:49:10.979  INFO  manager.MyListener - Start find element by -->By.xpath: //input[2]
17:49:10.995  INFO  manager.MyListener - The element -->By.xpath: //input[2]was found
17:49:11.134  INFO  manager.MyListener - Start find element by -->By.xpath: //button[1]
17:49:11.146  INFO  manager.MyListener - The element -->By.xpath: //button[1]was found
17:49:13.186  INFO  manager.MyListener - Start find element by -->By.xpath: //button[text()='Sign Out']
17:49:13.201  INFO  manager.MyListener - The element -->By.xpath: //button[text()='Sign Out']was found
17:49:13.202  INFO  tests.TestBase - End of method -->loginTestDataProvider
17:49:13.205  INFO  tests.TestBase - Start method -->loginTestDataProviderClass
17:49:13.205  INFO  tests.TestBase - Test Start with Data -->[noa@gmail.com, Nnoa12345$]
17:49:13.205  INFO  tests.TestBase - ==================================================================
17:49:13.206  INFO  manager.MyListener - Start find element by -->By.xpath: //button[text()='Sign Out']
17:49:13.220  INFO  manager.MyListener - The element -->By.xpath: //button[text()='Sign Out']was found
17:49:13.222  INFO  manager.MyListener - Start find element by -->By.xpath: //button[text()='Sign Out']
17:49:13.234  INFO  manager.MyListener - The element -->By.xpath: //button[text()='Sign Out']was found
17:49:13.266  INFO  manager.MyListener - Start find element by -->By.xpath: //button[text()='Sign Out']
17:49:13.286  INFO  manager.MyListener - The element -->By.xpath: //button[text()='Sign Out']was found
17:49:13.369  INFO  manager.MyListener - Start find element by -->By.xpath: //a[.='LOGIN']
17:49:13.397  INFO  manager.MyListener - The element -->By.xpath: //a[.='LOGIN']was found
17:49:13.440  INFO  manager.MyListener - Start find element by -->By.xpath: //input[1]
17:49:13.450  INFO  manager.MyListener - The element -->By.xpath: //input[1]was found
17:49:13.792  INFO  manager.MyListener - Start find element by -->By.xpath: //input[2]
17:49:13.800  INFO  manager.MyListener - The element -->By.xpath: //input[2]was found
17:49:13.919  INFO  manager.MyListener - Start find element by -->By.xpath: //button[1]
17:49:13.930  INFO  manager.MyListener - The element -->By.xpath: //button[1]was found
17:49:15.987  INFO  manager.MyListener - Start find element by -->By.xpath: //button[text()='Sign Out']
17:49:16.003  INFO  manager.MyListener - The element -->By.xpath: //button[text()='Sign Out']was found
17:49:16.006  INFO  tests.TestBase - End of method -->loginTestDataProviderClass
17:49:16.007  INFO  tests.TestBase - Start method -->loginTestDataProviderClass
17:49:16.007  INFO  tests.TestBase - Test Start with Data -->[sonya@gmail.com, Ss12345$]
17:49:16.007  INFO  tests.TestBase - ==================================================================
17:49:16.008  INFO  manager.MyListener - Start find element by -->By.xpath: //button[text()='Sign Out']
17:49:16.017  INFO  manager.MyListener - The element -->By.xpath: //button[text()='Sign Out']was found
17:49:16.017  INFO  manager.MyListener - Start find element by -->By.xpath: //button[text()='Sign Out']
17:49:16.031  INFO  manager.MyListener - The element -->By.xpath: //button[text()='Sign Out']was found
17:49:16.063  INFO  manager.MyListener - Start find element by -->By.xpath: //button[text()='Sign Out']
17:49:16.087  INFO  manager.MyListener - The element -->By.xpath: //button[text()='Sign Out']was found
17:49:16.170  INFO  manager.MyListener - Start find element by -->By.xpath: //a[.='LOGIN']
17:49:16.185  INFO  manager.MyListener - The element -->By.xpath: //a[.='LOGIN']was found
17:49:16.224  INFO  manager.MyListener - Start find element by -->By.xpath: //input[1]
17:49:16.234  INFO  manager.MyListener - The element -->By.xpath: //input[1]was found
17:49:16.426  INFO  manager.MyListener - Start find element by -->By.xpath: //input[2]
17:49:16.434  INFO  manager.MyListener - The element -->By.xpath: //input[2]was found
17:49:16.563  INFO  manager.MyListener - Start find element by -->By.xpath: //button[1]
17:49:16.576  INFO  manager.MyListener - The element -->By.xpath: //button[1]was found
17:49:18.641  INFO  manager.MyListener - Start find element by -->By.xpath: //button[text()='Sign Out']
17:49:18.657  INFO  manager.MyListener - The element -->By.xpath: //button[text()='Sign Out']was found
17:49:18.659  INFO  tests.TestBase - End of method -->loginTestDataProviderClass
17:49:18.663  INFO  tests.TestBase - Start method -->loginTestDataProviderClass
17:49:18.663  INFO  tests.TestBase - Test Start with Data -->[noa@gmail.com, Nnoa12345$]
17:49:18.663  INFO  tests.TestBase - ==================================================================
17:49:18.664  INFO  manager.MyListener - Start find element by -->By.xpath: //button[text()='Sign Out']
17:49:18.677  INFO  manager.MyListener - The element -->By.xpath: //button[text()='Sign Out']was found
17:49:18.677  INFO  manager.MyListener - Start find element by -->By.xpath: //button[text()='Sign Out']
17:49:18.687  INFO  manager.MyListener - The element -->By.xpath: //button[text()='Sign Out']was found
17:49:18.702  INFO  manager.MyListener - Start find element by -->By.xpath: //button[text()='Sign Out']
17:49:18.710  INFO  manager.MyListener - The element -->By.xpath: //button[text()='Sign Out']was found
17:49:18.780  INFO  manager.MyListener - Start find element by -->By.xpath: //a[.='LOGIN']
17:49:18.792  INFO  manager.MyListener - The element -->By.xpath: //a[.='LOGIN']was found
17:49:18.830  INFO  manager.MyListener - Start find element by -->By.xpath: //input[1]
17:49:18.838  INFO  manager.MyListener - The element -->By.xpath: //input[1]was found
17:49:19.023  INFO  manager.MyListener - Start find element by -->By.xpath: //input[2]
17:49:19.036  INFO  manager.MyListener - The element -->By.xpath: //input[2]was found
17:49:19.169  INFO  manager.MyListener - Start find element by -->By.xpath: //button[1]
17:49:19.183  INFO  manager.MyListener - The element -->By.xpath: //button[1]was found
17:49:21.223  INFO  manager.MyListener - Start find element by -->By.xpath: //button[text()='Sign Out']
17:49:21.234  INFO  manager.MyListener - The element -->By.xpath: //button[text()='Sign Out']was found
17:49:21.235  INFO  tests.TestBase - End of method -->loginTestDataProviderClass
17:49:21.236  INFO  tests.TestBase - Start method -->loginTestPositiveNewContact
17:49:21.237  INFO  tests.TestBase - Test Start with Data -->[]
17:49:21.238  INFO  tests.TestBase - ==================================================================
17:49:21.239  INFO  manager.MyListener - Start find element by -->By.xpath: //button[text()='Sign Out']
17:49:21.249  INFO  manager.MyListener - The element -->By.xpath: //button[text()='Sign Out']was found
17:49:21.249  INFO  manager.MyListener - Start find element by -->By.xpath: //button[text()='Sign Out']
17:49:21.264  INFO  manager.MyListener - The element -->By.xpath: //button[text()='Sign Out']was found
17:49:21.280  INFO  manager.MyListener - Start find element by -->By.xpath: //button[text()='Sign Out']
17:49:21.289  INFO  manager.MyListener - The element -->By.xpath: //button[text()='Sign Out']was found
17:49:21.352  INFO  manager.MyListener - Start find element by -->By.xpath: //a[.='LOGIN']
17:49:21.378  INFO  manager.MyListener - The element -->By.xpath: //a[.='LOGIN']was found
17:49:21.417  INFO  manager.MyListener - Start find element by -->By.xpath: //input[@placeholder='Email']
17:49:21.430  INFO  manager.MyListener - The element -->By.xpath: //input[@placeholder='Email']was found
17:49:21.618  INFO  manager.MyListener - Start find element by -->By.xpath: //input[@placeholder='Password']
17:49:21.641  INFO  manager.MyListener - The element -->By.xpath: //input[@placeholder='Password']was found
17:49:21.766  INFO  manager.MyListener - Start find element by -->By.xpath: //button[.=' Login']
17:49:21.780  INFO  manager.MyListener - The element -->By.xpath: //button[.=' Login']was found
17:49:23.821  INFO  manager.MyListener - Start find element by -->By.xpath: //a[.='ADD']
17:49:23.841  INFO  manager.MyListener - The element -->By.xpath: //a[.='ADD']was found
17:49:23.854  INFO  tests.TestBase - End of method -->loginTestPositiveNewContact
17:49:23.855  INFO  tests.TestBase - Start method -->loginTestWithWrongPassword
17:49:23.856  INFO  tests.TestBase - Test Start with Data -->[]
17:49:23.856  INFO  tests.TestBase - ==================================================================
17:49:23.856  INFO  manager.MyListener - Start find element by -->By.xpath: //button[text()='Sign Out']
17:49:23.864  INFO  manager.MyListener - The element -->By.xpath: //button[text()='Sign Out']was found
17:49:23.865  INFO  manager.MyListener - Start find element by -->By.xpath: //button[text()='Sign Out']
17:49:23.873  INFO  manager.MyListener - The element -->By.xpath: //button[text()='Sign Out']was found
17:49:23.887  INFO  manager.MyListener - Start find element by -->By.xpath: //button[text()='Sign Out']
17:49:23.895  INFO  manager.MyListener - The element -->By.xpath: //button[text()='Sign Out']was found
17:49:23.948  INFO  manager.MyListener - Start find element by -->By.xpath: //a[.='LOGIN']
17:49:23.982  INFO  manager.MyListener - The element -->By.xpath: //a[.='LOGIN']was found
17:49:24.025  INFO  manager.MyListener - Start find element by -->By.xpath: //input[1]
17:49:24.033  INFO  manager.MyListener - The element -->By.xpath: //input[1]was found
17:49:24.245  INFO  manager.MyListener - Start find element by -->By.xpath: //input[2]
17:49:24.257  INFO  manager.MyListener - The element -->By.xpath: //input[2]was found
17:49:24.370  INFO  manager.MyListener - Start find element by -->By.xpath: //button[1]
17:49:24.379  INFO  manager.MyListener - The element -->By.xpath: //button[1]was found
17:49:24.967  INFO  manager.MyListener - Start find element by -->By.xpath: //button[text()='Sign Out']
17:49:35.031  INFO  manager.MyListener - The element -->By.xpath: //button[text()='Sign Out']was found
17:49:35.032  INFO  tests.TestBase - End of method -->loginTestWithWrongPassword
17:49:35.034  INFO  tests.TestBase - Start method -->quicktest
17:49:35.035  INFO  tests.TestBase - Test Start with Data -->[]
17:49:35.035  INFO  tests.TestBase - ==================================================================
17:49:35.036  INFO  tests.TestBase - End of method -->quicktest
17:49:35.038  INFO  tests.TestBase - Start method -->removeAllContacts
17:49:35.038  INFO  tests.TestBase - Test Start with Data -->[]
17:49:35.038  INFO  tests.TestBase - ==================================================================
17:49:35.038  INFO  manager.MyListener - Start find element by -->By.xpath: //button[text()='Sign Out']
17:49:45.094  INFO  manager.MyListener - The element -->By.xpath: //button[text()='Sign Out']was found
17:49:45.095  INFO  manager.MyListener - Start find element by -->By.xpath: //a[.='LOGIN']
17:49:45.111  INFO  manager.MyListener - The element -->By.xpath: //a[.='LOGIN']was found
17:49:45.169  INFO  manager.MyListener - Start find element by -->By.xpath: //input[1]
17:49:45.192  INFO  manager.MyListener - The element -->By.xpath: //input[1]was found
17:49:45.400  INFO  manager.MyListener - Start find element by -->By.xpath: //input[2]
17:49:45.415  INFO  manager.MyListener - The element -->By.xpath: //input[2]was found
17:49:45.546  INFO  manager.MyListener - Start find element by -->By.xpath: //button[1]
17:49:45.564  INFO  manager.MyListener - The element -->By.xpath: //button[1]was found
17:49:46.605  INFO  manager.MyListener - Start find element by -->By.cssSelector: .contact-item_card__2SOIM
17:49:46.623  INFO  manager.MyListener - The element -->By.cssSelector: .contact-item_card__2SOIMwas found
17:49:46.623  INFO  manager.MyListener - Start find element by -->By.cssSelector: .contact-item_card__2SOIM
17:49:46.635  INFO  manager.MyListener - The element -->By.cssSelector: .contact-item_card__2SOIMwas found
17:49:46.699  INFO  manager.MyListener - Start find element by -->By.xpath: //button[.='Remove']
17:49:46.721  INFO  manager.MyListener - The element -->By.xpath: //button[.='Remove']was found
17:49:48.781  INFO  manager.MyListener - Start find element by -->By.cssSelector: .contact-item_card__2SOIM
17:49:48.793  INFO  manager.MyListener - The element -->By.cssSelector: .contact-item_card__2SOIMwas found
17:49:48.793  INFO  manager.MyListener - Start find element by -->By.cssSelector: .contact-item_card__2SOIM
17:49:48.802  INFO  manager.MyListener - The element -->By.cssSelector: .contact-item_card__2SOIMwas found
17:49:48.847  INFO  manager.MyListener - Start find element by -->By.xpath: //button[.='Remove']
17:49:48.859  INFO  manager.MyListener - The element -->By.xpath: //button[.='Remove']was found
17:49:50.904  INFO  manager.MyListener - Start find element by -->By.cssSelector: .contact-item_card__2SOIM
17:49:50.915  INFO  manager.MyListener - The element -->By.cssSelector: .contact-item_card__2SOIMwas found
17:49:50.916  INFO  manager.MyListener - Start find element by -->By.cssSelector: .contact-item_card__2SOIM
17:49:50.924  INFO  manager.MyListener - The element -->By.cssSelector: .contact-item_card__2SOIMwas found
17:49:50.960  INFO  manager.MyListener - Start find element by -->By.xpath: //button[.='Remove']
17:49:50.970  INFO  manager.MyListener - The element -->By.xpath: //button[.='Remove']was found
17:49:53.009  INFO  manager.MyListener - Start find element by -->By.cssSelector: .contact-item_card__2SOIM
17:49:53.025  INFO  manager.MyListener - The element -->By.cssSelector: .contact-item_card__2SOIMwas found
17:49:53.026  INFO  manager.MyListener - Start find element by -->By.cssSelector: .contact-item_card__2SOIM
17:49:53.038  INFO  manager.MyListener - The element -->By.cssSelector: .contact-item_card__2SOIMwas found
17:49:53.081  INFO  manager.MyListener - Start find element by -->By.xpath: //button[.='Remove']
17:49:53.092  INFO  manager.MyListener - The element -->By.xpath: //button[.='Remove']was found
17:49:55.135  INFO  manager.MyListener - Start find element by -->By.cssSelector: .contact-item_card__2SOIM
17:49:55.147  INFO  manager.MyListener - The element -->By.cssSelector: .contact-item_card__2SOIMwas found
17:49:55.147  INFO  manager.MyListener - Start find element by -->By.cssSelector: .contact-item_card__2SOIM
17:49:55.157  INFO  manager.MyListener - The element -->By.cssSelector: .contact-item_card__2SOIMwas found
17:49:55.209  INFO  manager.MyListener - Start find element by -->By.xpath: //button[.='Remove']
17:49:55.234  INFO  manager.MyListener - The element -->By.xpath: //button[.='Remove']was found
17:49:57.269  INFO  manager.MyListener - Start find element by -->By.cssSelector: .contact-item_card__2SOIM
17:49:57.283  INFO  manager.MyListener - The element -->By.cssSelector: .contact-item_card__2SOIMwas found
17:49:57.283  INFO  manager.MyListener - Start find element by -->By.cssSelector: .contact-item_card__2SOIM
17:49:57.292  INFO  manager.MyListener - The element -->By.cssSelector: .contact-item_card__2SOIMwas found
17:49:57.345  INFO  manager.MyListener - Start find element by -->By.xpath: //button[.='Remove']
17:49:57.358  INFO  manager.MyListener - The element -->By.xpath: //button[.='Remove']was found
17:49:59.415  INFO  manager.MyListener - Start find element by -->By.cssSelector: .contact-item_card__2SOIM
17:49:59.430  INFO  manager.MyListener - The element -->By.cssSelector: .contact-item_card__2SOIMwas found
17:49:59.431  INFO  manager.MyListener - Start find element by -->By.cssSelector: .contact-item_card__2SOIM
17:49:59.442  INFO  manager.MyListener - The element -->By.cssSelector: .contact-item_card__2SOIMwas found
17:49:59.493  INFO  manager.MyListener - Start find element by -->By.xpath: //button[.='Remove']
17:49:59.506  INFO  manager.MyListener - The element -->By.xpath: //button[.='Remove']was found
17:50:01.546  INFO  manager.MyListener - Start find element by -->By.cssSelector: .contact-item_card__2SOIM
17:50:01.554  INFO  manager.MyListener - The element -->By.cssSelector: .contact-item_card__2SOIMwas found
17:50:01.554  INFO  manager.MyListener - Start find element by -->By.cssSelector: .contact-item_card__2SOIM
17:50:01.569  INFO  manager.MyListener - The element -->By.cssSelector: .contact-item_card__2SOIMwas found
17:50:01.664  INFO  manager.MyListener - Start find element by -->By.xpath: //button[.='Remove']
17:50:01.680  INFO  manager.MyListener - The element -->By.xpath: //button[.='Remove']was found
17:50:03.716  INFO  manager.MyListener - Start find element by -->By.cssSelector: .contact-item_card__2SOIM
17:50:03.729  INFO  manager.MyListener - The element -->By.cssSelector: .contact-item_card__2SOIMwas found
17:50:03.729  INFO  manager.MyListener - Start find element by -->By.cssSelector: .contact-item_card__2SOIM
17:50:03.739  INFO  manager.MyListener - The element -->By.cssSelector: .contact-item_card__2SOIMwas found
17:50:03.807  INFO  manager.MyListener - Start find element by -->By.xpath: //button[.='Remove']
17:50:03.821  INFO  manager.MyListener - The element -->By.xpath: //button[.='Remove']was found
17:50:05.870  INFO  manager.MyListener - Start find element by -->By.cssSelector: .contact-item_card__2SOIM
17:50:05.882  INFO  manager.MyListener - The element -->By.cssSelector: .contact-item_card__2SOIMwas found
17:50:05.883  INFO  manager.MyListener - Start find element by -->By.cssSelector: .contact-item_card__2SOIM
17:50:05.893  INFO  manager.MyListener - The element -->By.cssSelector: .contact-item_card__2SOIMwas found
17:50:05.947  INFO  manager.MyListener - Start find element by -->By.xpath: //button[.='Remove']
17:50:05.966  INFO  manager.MyListener - The element -->By.xpath: //button[.='Remove']was found
17:50:08.016  INFO  manager.MyListener - Start find element by -->By.cssSelector: .contact-item_card__2SOIM
17:50:08.029  INFO  manager.MyListener - The element -->By.cssSelector: .contact-item_card__2SOIMwas found
17:50:08.029  INFO  manager.MyListener - Start find element by -->By.cssSelector: .contact-item_card__2SOIM
17:50:08.039  INFO  manager.MyListener - The element -->By.cssSelector: .contact-item_card__2SOIMwas found
17:50:08.101  INFO  manager.MyListener - Start find element by -->By.xpath: //button[.='Remove']
17:50:08.120  INFO  manager.MyListener - The element -->By.xpath: //button[.='Remove']was found
17:50:10.172  INFO  manager.MyListener - Start find element by -->By.cssSelector: .contact-item_card__2SOIM
17:50:10.185  INFO  manager.MyListener - The element -->By.cssSelector: .contact-item_card__2SOIMwas found
17:50:10.185  INFO  manager.MyListener - Start find element by -->By.cssSelector: .contact-item_card__2SOIM
17:50:10.200  INFO  manager.MyListener - The element -->By.cssSelector: .contact-item_card__2SOIMwas found
17:50:10.262  INFO  manager.MyListener - Start find element by -->By.xpath: //button[.='Remove']
17:50:10.280  INFO  manager.MyListener - The element -->By.xpath: //button[.='Remove']was found
17:50:12.322  INFO  manager.MyListener - Start find element by -->By.cssSelector: .contact-item_card__2SOIM
17:50:12.336  INFO  manager.MyListener - The element -->By.cssSelector: .contact-item_card__2SOIMwas found
17:50:12.337  INFO  manager.MyListener - Start find element by -->By.cssSelector: .contact-item_card__2SOIM
17:50:12.350  INFO  manager.MyListener - The element -->By.cssSelector: .contact-item_card__2SOIMwas found
17:50:12.420  INFO  manager.MyListener - Start find element by -->By.xpath: //button[.='Remove']
17:50:12.432  INFO  manager.MyListener - The element -->By.xpath: //button[.='Remove']was found
17:50:14.473  INFO  manager.MyListener - Start find element by -->By.cssSelector: .contact-item_card__2SOIM
17:50:14.484  INFO  manager.MyListener - The element -->By.cssSelector: .contact-item_card__2SOIMwas found
17:50:14.484  INFO  manager.MyListener - Start find element by -->By.cssSelector: .contact-item_card__2SOIM
17:50:14.492  INFO  manager.MyListener - The element -->By.cssSelector: .contact-item_card__2SOIMwas found
17:50:14.532  INFO  manager.MyListener - Start find element by -->By.xpath: //button[.='Remove']
17:50:14.546  INFO  manager.MyListener - The element -->By.xpath: //button[.='Remove']was found
17:50:16.592  INFO  manager.MyListener - Start find element by -->By.cssSelector: .contact-item_card__2SOIM
17:50:26.600  INFO  manager.MyListener - The element -->By.cssSelector: .contact-item_card__2SOIMwas found
17:50:26.601  INFO  tests.TestBase - End of method -->removeAllContacts
17:50:26.602  INFO  tests.TestBase - Start method -->removeOneContact
17:50:26.602  INFO  tests.TestBase - Test Start with Data -->[]
17:50:26.602  INFO  tests.TestBase - ==================================================================
17:50:26.603  INFO  manager.MyListener - Start find element by -->By.xpath: //button[text()='Sign Out']
17:50:26.611  INFO  manager.MyListener - The element -->By.xpath: //button[text()='Sign Out']was found
17:50:26.611  INFO  manager.MyListener - Start find element by -->By.cssSelector: .contact-item_card__2SOIM
17:50:37.829  INFO  manager.MyListener - Screen ->>src/test/screenshots/screen-3036.png
17:50:37.830  INFO  manager.MyListener - no such element: Unable to locate element: {"method":"css selector","selector":".contact-item_card__2SOIM"}
  (Session info: chrome=92.0.4515.131)
For documentation on this error, please visit: https://www.seleniumhq.org/exceptions/no_such_element.html
Build info: version: '3.141.59', revision: 'e82be7d358', time: '2018-11-14T08:17:03'
System info: host: 'MacBook-Pro-Taya.local', ip: 'fe80:0:0:0:c50:f5f3:ebc6:fb9d%en0', os.name: 'Mac OS X', os.arch: 'x86_64', os.version: '10.16', java.version: '1.8.0_151'
Driver info: org.openqa.selenium.chrome.ChromeDriver
Capabilities {acceptInsecureCerts: false, browserName: chrome, browserVersion: 92.0.4515.131, chrome: {chromedriverVersion: 91.0.4472.101 (af52a90bf870..., userDataDir: /var/folders/s_/hl4vhy0959g...}, goog:chromeOptions: {debuggerAddress: localhost:50900}, javascriptEnabled: true, networkConnectionEnabled: false, pageLoadStrategy: normal, platform: MAC, platformName: MAC, proxy: Proxy(), setWindowRect: true, strictFileInteractability: false, timeouts: {implicit: 0, pageLoad: 300000, script: 30000}, unhandledPromptBehavior: dismiss and notify, webauthn:extension:largeBlob: true, webauthn:virtualAuthenticators: true}
Session ID: 7afff24518be32060fb9dd213dd25bff
*** Element info: {Using=css selector, value=.contact-item_card__2SOIM}
17:50:37.831  INFO  tests.TestBase - End of method -->removeOneContact
17:50:37.832  INFO  tests.TestBase - Start method -->smokeTest
17:50:37.832  INFO  tests.TestBase - Test Start with Data -->[]
17:50:37.832  INFO  tests.TestBase - ==================================================================
17:50:37.833  INFO  tests.TestBase - End of method -->smokeTest
